This is pdfTeX, Version 3.14159265-2.6-1.40.18 (MiKTeX 2.9.6600) (preloaded format=pdflatex 2018.2.12)  21 MAY 2019 09:22
entering extended mode
**./Bachelorarbeit.tex
(Bachelorarbeit.tex
LaTeX2e <2017-04-15>
Babel <3.17> and hyphenation patterns for 73 language(s) loaded.
(WeSTthesis.cls
Document Class: WeSTthesis 2017/06/08 v1.4 Document class for seminar papers, p
roposals, bachelor's theses, and master's theses written at the Institute for W
eb Science and Technologies, University of Koblenz-Landau, Campus Koblenz.

("C:\Users\Frank\AppData\Local\Programs\MiKTeX 2.9\tex\latex\koma-script\scrart
cl.cls"
Document Class: scrartcl 2017/09/07 v3.24 KOMA-Script document class (article)

("C:\Users\Frank\AppData\Local\Programs\MiKTeX 2.9\tex\latex\koma-script\scrkba
se.sty"
Package: scrkbase 2017/09/07 v3.24 KOMA-Script package (KOMA-Script-dependent b
asics and keyval usage)

("C:\Users\Frank\AppData\Local\Programs\MiKTeX 2.9\tex\latex\koma-script\scrbas
e.sty"
Package: scrbase 2017/09/07 v3.24 KOMA-Script package (KOMA-Script-independent 
basics and keyval usage)

("C:\Users\Frank\AppData\Local\Programs\MiKTeX 2.9\tex\latex\graphics\keyval.st
y"
Package: keyval 2014/10/28 v1.15 key=value parser (DPC)
\KV@toks@=\toks14
)
("C:\Users\Frank\AppData\Local\Programs\MiKTeX 2.9\tex\latex\koma-script\scrlfi
le.sty"
Package: scrlfile 2017/09/07 v3.24 KOMA-Script package (loading files)
)))
("C:\Users\Frank\AppData\Local\Programs\MiKTeX 2.9\tex\latex\koma-script\tocbas
ic.sty"
Package: tocbasic 2017/09/07 v3.24 KOMA-Script package (handling toc-files)
\scr@dte@tocline@numberwidth=\skip41
\scr@dte@tocline@numbox=\box26
)
Package tocbasic Info: omitting babel extension for `toc'
(tocbasic)             because of feature `nobabel' available
(tocbasic)             for `toc' on input line 133.
Package tocbasic Info: omitting babel extension for `lof'
(tocbasic)             because of feature `nobabel' available
(tocbasic)             for `lof' on input line 135.
Package tocbasic Info: omitting babel extension for `lot'
(tocbasic)             because of feature `nobabel' available
(tocbasic)             for `lot' on input line 136.
Package scrartcl Info: You've used standard option `11pt'.
(scrartcl)             This is correct!
(scrartcl)             Internally I'm using `fontsize=11pt'.
(scrartcl)             If you'd like to set the option with \KOMAoptions,
(scrartcl)             you'd have to use `fontsize=11pt' there
(scrartcl)             instead of `11pt', too.
Class scrartcl Info: File `scrsize11pt.clo' used to setup font sizes on input l
ine 2080.

("C:\Users\Frank\AppData\Local\Programs\MiKTeX 2.9\tex\latex\koma-script\scrsiz
e11pt.clo"
File: scrsize11pt.clo 2017/09/07 v3.24 KOMA-Script font size class option (11pt
)
)
("C:\Users\Frank\AppData\Local\Programs\MiKTeX 2.9\tex\latex\koma-script\typear
ea.sty"
Package: typearea 2017/09/07 v3.24 KOMA-Script package (type area)
\ta@bcor=\skip42
\ta@div=\count79
\ta@hblk=\skip43
\ta@vblk=\skip44
\ta@temp=\skip45
\footheight=\skip46
Package typearea Info: These are the values describing the layout:
(typearea)             DIV  = 10
(typearea)             BCOR = 0.0pt
(typearea)             \paperwidth      = 597.50793pt
(typearea)              \textwidth      = 418.25555pt
(typearea)              DIV departure   = -6%
(typearea)              \evensidemargin = 17.3562pt
(typearea)              \oddsidemargin  = 17.3562pt
(typearea)             \paperheight     = 845.04694pt
(typearea)              \textheight     = 595.80026pt
(typearea)              \topmargin      = -25.16531pt
(typearea)              \headheight     = 17.0pt
(typearea)              \headsep        = 20.40001pt
(typearea)              \topskip        = 11.0pt
(typearea)              \footskip       = 47.6pt
(typearea)              \baselineskip   = 13.6pt
(typearea)              on input line 1686.
)
\c@part=\count80
\c@section=\count81
\c@subsection=\count82
\c@subsubsection=\count83
\c@paragraph=\count84
\c@subparagraph=\count85
\scr@dte@part@maxnumwidth=\skip47
\scr@dte@section@maxnumwidth=\skip48
\scr@dte@subsection@maxnumwidth=\skip49
\scr@dte@subsubsection@maxnumwidth=\skip50
\scr@dte@paragraph@maxnumwidth=\skip51
\scr@dte@subparagraph@maxnumwidth=\skip52
LaTeX Info: Redefining \textsubscript on input line 4161.
\abovecaptionskip=\skip53
\belowcaptionskip=\skip54
\c@pti@nb@sid@b@x=\box27
\c@figure=\count86
\c@table=\count87
Class scrartcl Info: Redefining `\numberline' on input line 5319.
\bibindent=\dimen102
)
("C:\Users\Frank\AppData\Local\Programs\MiKTeX 2.9\tex\latex\titling\titling.st
y"
Package: titling 2009/09/04 v2.1d maketitle typesetting
\thanksmarkwidth=\skip55
\thanksmargin=\skip56
\droptitle=\skip57
)
("C:\Users\Frank\AppData\Local\Programs\MiKTeX 2.9\tex\latex\ifoddpage\ifoddpag
e.sty"
Package: ifoddpage 2016/04/23 v1.1 Conditionals for odd/even page detection
\c@checkoddpage=\count88
)
("C:\Users\Frank\AppData\Local\Programs\MiKTeX 2.9\tex\latex\psnfss\palatino.st
y"
Package: palatino 2005/04/12 PSNFSS-v9.2a (SPQR) 
)
("C:\Users\Frank\AppData\Local\Programs\MiKTeX 2.9\tex\latex\geometry\geometry.
sty"
Package: geometry 2010/09/12 v5.6 Page Geometry

("C:\Users\Frank\AppData\Local\Programs\MiKTeX 2.9\tex\generic\oberdiek\ifpdf.s
ty"
Package: ifpdf 2017/03/15 v3.2 Provides the ifpdf switch
)
("C:\Users\Frank\AppData\Local\Programs\MiKTeX 2.9\tex\generic\oberdiek\ifvtex.
sty"
Package: ifvtex 2016/05/16 v1.6 Detect VTeX and its facilities (HO)
Package ifvtex Info: VTeX not detected.
)
("C:\Users\Frank\AppData\Local\Programs\MiKTeX 2.9\tex\generic\ifxetex\ifxetex.
sty"
Package: ifxetex 2010/09/12 v0.6 Provides ifxetex conditional
)
\Gm@cnth=\count89
\Gm@cntv=\count90
\c@Gm@tempcnt=\count91
\Gm@bindingoffset=\dimen103
\Gm@wd@mp=\dimen104
\Gm@odd@mp=\dimen105
\Gm@even@mp=\dimen106
\Gm@layoutwidth=\dimen107
\Gm@layoutheight=\dimen108
\Gm@layouthoffset=\dimen109
\Gm@layoutvoffset=\dimen110
\Gm@dimlist=\toks15

("C:\Users\Frank\AppData\Local\Programs\MiKTeX 2.9\tex\latex\geometry\geometry.
cfg")))
("C:\Users\Frank\AppData\Local\Programs\MiKTeX 2.9\tex\latex\biblatex\biblatex.
sty"
Package: biblatex 2017/12/19 v3.10 programmable bibliographies (PK/JW/AB)

("C:\Users\Frank\AppData\Local\Programs\MiKTeX 2.9\tex\generic\oberdiek\pdftexc
mds.sty"
Package: pdftexcmds 2018/01/21 v0.26 Utility functions of pdfTeX for LuaTeX (HO
)

("C:\Users\Frank\AppData\Local\Programs\MiKTeX 2.9\tex\generic\oberdiek\infware
rr.sty"
Package: infwarerr 2016/05/16 v1.4 Providing info/warning/error messages (HO)
)
("C:\Users\Frank\AppData\Local\Programs\MiKTeX 2.9\tex\generic\oberdiek\ifluate
x.sty"
Package: ifluatex 2016/05/16 v1.4 Provides the ifluatex switch (HO)
Package ifluatex Info: LuaTeX not detected.
)
("C:\Users\Frank\AppData\Local\Programs\MiKTeX 2.9\tex\generic\oberdiek\ltxcmds
.sty"
Package: ltxcmds 2016/05/16 v1.23 LaTeX kernel commands for general use (HO)
)
Package pdftexcmds Info: LuaTeX not detected.
Package pdftexcmds Info: \pdf@primitive is available.
Package pdftexcmds Info: \pdf@ifprimitive is available.
Package pdftexcmds Info: \pdfdraftmode found.
)
("C:\Users\Frank\AppData\Local\Programs\MiKTeX 2.9\tex\latex\etoolbox\etoolbox.
sty"
Package: etoolbox 2018/02/06 v2.5c e-TeX tools for LaTeX (JAW)
\etb@tempcnta=\count92
)
("C:\Users\Frank\AppData\Local\Programs\MiKTeX 2.9\tex\latex\oberdiek\kvoptions
.sty"
Package: kvoptions 2016/05/16 v3.12 Key value format for package options (HO)

("C:\Users\Frank\AppData\Local\Programs\MiKTeX 2.9\tex\generic\oberdiek\kvsetke
ys.sty"
Package: kvsetkeys 2016/05/16 v1.17 Key value parser (HO)

("C:\Users\Frank\AppData\Local\Programs\MiKTeX 2.9\tex\generic\oberdiek\etexcmd
s.sty"
Package: etexcmds 2016/05/16 v1.6 Avoid name clashes with e-TeX commands (HO)
Package etexcmds Info: Could not find \expanded.
(etexcmds)             That can mean that you are not using pdfTeX 1.50 or
(etexcmds)             that some package has redefined \expanded.
(etexcmds)             In the latter case, load this package earlier.
)))
("C:\Users\Frank\AppData\Local\Programs\MiKTeX 2.9\tex\latex\logreq\logreq.sty"
Package: logreq 2010/08/04 v1.0 xml request logger
\lrq@indent=\count93
("C:\Users\Frank\AppData\Local\Programs\MiKTeX 2.9\tex\latex\logreq\logreq.def"
File: logreq.def 2010/08/04 v1.0 logreq spec v1.0
)) ("C:\Users\Frank\AppData\Local\Programs\MiKTeX 2.9\tex\latex\base\ifthen.sty
"
Package: ifthen 2014/09/29 v1.1c Standard LaTeX ifthen package (DPC)
) ("C:\Users\Frank\AppData\Local\Programs\MiKTeX 2.9\tex\latex\url\url.sty"
\Urlmuskip=\muskip10
Package: url 2013/09/16  ver 3.4  Verb mode for urls, etc.
)
("C:\Users\Frank\AppData\Local\Programs\MiKTeX 2.9\tex\latex\xstring\xstring.st
y"
("C:\Users\Frank\AppData\Local\Programs\MiKTeX 2.9\tex\generic\xstring\xstring.
tex"
\@xs@message=\write3
\integerpart=\count94
\decimalpart=\count95
)
Package: xstring 2013/10/13  v1.7c  String manipulations (C Tellechea)
)
\c@tabx@nest=\count96
\c@listtotal=\count97
\c@listcount=\count98
\c@liststart=\count99
\c@liststop=\count100
\c@citecount=\count101
\c@citetotal=\count102
\c@multicitecount=\count103
\c@multicitetotal=\count104
\c@instcount=\count105
\c@maxnames=\count106
\c@minnames=\count107
\c@maxitems=\count108
\c@minitems=\count109
\c@citecounter=\count110
\c@savedcitecounter=\count111
\c@uniquelist=\count112
\c@uniquename=\count113
\c@refsection=\count114
\c@refsegment=\count115
\c@maxextratitle=\count116
\c@maxextratitleyear=\count117
\c@maxextradate=\count118
\c@maxextraalpha=\count119
\c@abbrvpenalty=\count120
\c@highnamepenalty=\count121
\c@lownamepenalty=\count122
\c@maxparens=\count123
\c@parenlevel=\count124
\blx@tempcnta=\count125
\blx@tempcntb=\count126
\blx@tempcntc=\count127
\blx@maxsection=\count128
\blx@maxsegment@0=\count129
\blx@notetype=\count130
\blx@parenlevel@text=\count131
\blx@parenlevel@foot=\count132
\blx@sectionciteorder@0=\count133
\labelnumberwidth=\skip58
\labelalphawidth=\skip59
\biblabelsep=\skip60
\bibitemsep=\skip61
\bibnamesep=\skip62
\bibinitsep=\skip63
\bibparsep=\skip64
\bibhang=\skip65
\blx@bcfin=\read1
\blx@bcfout=\write4
\c@mincomprange=\count134
\c@maxcomprange=\count135
\c@mincompwidth=\count136
Package biblatex Info: Trying to load biblatex default data model...
Package biblatex Info: ... file 'blx-dm.def' found.

("C:\Users\Frank\AppData\Local\Programs\MiKTeX 2.9\tex\latex\biblatex\blx-dm.de
f")
Package biblatex Info: Trying to load biblatex style data model...
Package biblatex Info: ... file 'numeric-comp.dbx' not found.
Package biblatex Info: Trying to load biblatex custom data model...
Package biblatex Info: ... file 'biblatex-dm.cfg' not found.
\c@afterword=\count137
\c@savedafterword=\count138
\c@annotator=\count139
\c@savedannotator=\count140
\c@author=\count141
\c@savedauthor=\count142
\c@bookauthor=\count143
\c@savedbookauthor=\count144
\c@commentator=\count145
\c@savedcommentator=\count146
\c@editor=\count147
\c@savededitor=\count148
\c@editora=\count149
\c@savededitora=\count150
\c@editorb=\count151
\c@savededitorb=\count152
\c@editorc=\count153
\c@savededitorc=\count154
\c@foreword=\count155
\c@savedforeword=\count156
\c@holder=\count157
\c@savedholder=\count158
\c@introduction=\count159
\c@savedintroduction=\count160
\c@namea=\count161
\c@savednamea=\count162
\c@nameb=\count163
\c@savednameb=\count164
\c@namec=\count165
\c@savednamec=\count166
\c@translator=\count167
\c@savedtranslator=\count168
\c@shortauthor=\count169
\c@savedshortauthor=\count170
\c@shorteditor=\count171
\c@savedshorteditor=\count172
\c@labelname=\count173
\c@savedlabelname=\count174
\c@institution=\count175
\c@savedinstitution=\count176
\c@lista=\count177
\c@savedlista=\count178
\c@listb=\count179
\c@savedlistb=\count180
\c@listc=\count181
\c@savedlistc=\count182
\c@listd=\count183
\c@savedlistd=\count184
\c@liste=\count185
\c@savedliste=\count186
\c@listf=\count187
\c@savedlistf=\count188
\c@location=\count189
\c@savedlocation=\count190
\c@organization=\count191
\c@savedorganization=\count192
\c@origlocation=\count193
\c@savedoriglocation=\count194
\c@origpublisher=\count195
\c@savedorigpublisher=\count196
\c@publisher=\count197
\c@savedpublisher=\count198
\c@language=\count199
\c@savedlanguage=\count266
\c@origlanguage=\count267
\c@savedoriglanguage=\count268
\c@pageref=\count269
\c@savedpageref=\count270
\shorthandwidth=\skip66
\shortjournalwidth=\skip67
\shortserieswidth=\skip68
\shorttitlewidth=\skip69
\shortauthorwidth=\skip70
\shorteditorwidth=\skip71
Package biblatex Info: Trying to load compatibility code...
Package biblatex Info: ... file 'blx-compat.def' found.

("C:\Users\Frank\AppData\Local\Programs\MiKTeX 2.9\tex\latex\biblatex\blx-compa
t.def"
File: blx-compat.def 2017/12/19 v3.10 biblatex compatibility (PK/JW/AB)
)
Package biblatex Info: Trying to load generic definitions...
Package biblatex Info: ... file 'biblatex.def' found.

("C:\Users\Frank\AppData\Local\Programs\MiKTeX 2.9\tex\latex\biblatex\biblatex.
def"
File: biblatex.def 2017/12/19 v3.10 biblatex compatibility (PK/JW/AB)
\c@textcitecount=\count271
\c@textcitetotal=\count272
\c@textcitemaxnames=\count273
\c@biburlnumpenalty=\count274
\c@biburlucpenalty=\count275
\c@biburllcpenalty=\count276
\c@smartand=\count277
)
Package biblatex Info: Trying to load bibliography style 'numeric-comp'...
Package biblatex Info: ... file 'numeric-comp.bbx' found.

("C:\Users\Frank\AppData\Local\Programs\MiKTeX 2.9\tex\latex\biblatex\bbx\numer
ic-comp.bbx"
File: numeric-comp.bbx 2017/12/19 v3.10 biblatex bibliography style (PK/JW/AB)
Package biblatex Info: Trying to load bibliography style 'numeric'...
Package biblatex Info: ... file 'numeric.bbx' found.

("C:\Users\Frank\AppData\Local\Programs\MiKTeX 2.9\tex\latex\biblatex\bbx\numer
ic.bbx"
File: numeric.bbx 2017/12/19 v3.10 biblatex bibliography style (PK/JW/AB)
Package biblatex Info: Trying to load bibliography style 'standard'...
Package biblatex Info: ... file 'standard.bbx' found.

("C:\Users\Frank\AppData\Local\Programs\MiKTeX 2.9\tex\latex\biblatex\bbx\stand
ard.bbx"
File: standard.bbx 2017/12/19 v3.10 biblatex bibliography style (PK/JW/AB)
\c@bbx:relatedcount=\count278
\c@bbx:relatedtotal=\count279
)))
Package biblatex Info: Trying to load citation style 'numeric-comp'...
Package biblatex Info: ... file 'numeric-comp.cbx' found.

("C:\Users\Frank\AppData\Local\Programs\MiKTeX 2.9\tex\latex\biblatex\cbx\numer
ic-comp.cbx"
File: numeric-comp.cbx 2017/12/19 v3.10 biblatex citation style (PK/JW/AB)
\c@cbx@tempcnta=\count280
\c@cbx@tempcntb=\count281
Package biblatex Info: Redefining '\cite'.
Package biblatex Info: Redefining '\parencite'.
Package biblatex Info: Redefining '\footcite'.
Package biblatex Info: Redefining '\footcitetext'.
Package biblatex Info: Redefining '\smartcite'.
Package biblatex Info: Redefining '\supercite'.
Package biblatex Info: Redefining '\textcite'.
Package biblatex Info: Redefining '\textcites'.
Package biblatex Info: Redefining '\cites'.
Package biblatex Info: Redefining '\parencites'.
Package biblatex Info: Redefining '\smartcites'.
)
Package biblatex Info: Trying to load configuration file...
Package biblatex Info: ... file 'biblatex.cfg' found.

("C:\Users\Frank\AppData\Local\Programs\MiKTeX 2.9\tex\latex\biblatex\biblatex.
cfg"
File: biblatex.cfg 
))
("C:\Users\Frank\AppData\Local\Programs\MiKTeX 2.9\tex\latex\mathtools\mathtool
s.sty"
Package: mathtools 2018/01/08 v1.21 mathematical typesetting tools

("C:\Users\Frank\AppData\Local\Programs\MiKTeX 2.9\tex\latex\tools\calc.sty"
Package: calc 2014/10/28 v4.3 Infix arithmetic (KKT,FJ)
\calc@Acount=\count282
\calc@Bcount=\count283
\calc@Adimen=\dimen111
\calc@Bdimen=\dimen112
\calc@Askip=\skip72
\calc@Bskip=\skip73
LaTeX Info: Redefining \setlength on input line 80.
LaTeX Info: Redefining \addtolength on input line 81.
\calc@Ccount=\count284
\calc@Cskip=\skip74
)
("C:\Users\Frank\AppData\Local\Programs\MiKTeX 2.9\tex\latex\mathtools\mhsetup.
sty"
Package: mhsetup 2017/03/31 v1.3 programming setup (MH)
)
("C:\Users\Frank\AppData\Local\Programs\MiKTeX 2.9\tex\latex\amsmath\amsmath.st
y"
Package: amsmath 2017/09/02 v2.17a AMS math features
\@mathmargin=\skip75

For additional information on amsmath, use the `?' option.

("C:\Users\Frank\AppData\Local\Programs\MiKTeX 2.9\tex\latex\amsmath\amstext.st
y"
Package: amstext 2000/06/29 v2.01 AMS text

("C:\Users\Frank\AppData\Local\Programs\MiKTeX 2.9\tex\latex\amsmath\amsgen.sty
"
File: amsgen.sty 1999/11/30 v2.0 generic functions
\@emptytoks=\toks16
\ex@=\dimen113
))
("C:\Users\Frank\AppData\Local\Programs\MiKTeX 2.9\tex\latex\amsmath\amsbsy.sty
"
Package: amsbsy 1999/11/29 v1.2d Bold Symbols
\pmbraise@=\dimen114
)
("C:\Users\Frank\AppData\Local\Programs\MiKTeX 2.9\tex\latex\amsmath\amsopn.sty
"
Package: amsopn 2016/03/08 v2.02 operator names
)
\inf@bad=\count285
LaTeX Info: Redefining \frac on input line 213.
\uproot@=\count286
\leftroot@=\count287
LaTeX Info: Redefining \overline on input line 375.
\classnum@=\count288
\DOTSCASE@=\count289
LaTeX Info: Redefining \ldots on input line 472.
LaTeX Info: Redefining \dots on input line 475.
LaTeX Info: Redefining \cdots on input line 596.
\Mathstrutbox@=\box28
\strutbox@=\box29
\big@size=\dimen115
LaTeX Font Info:    Redeclaring font encoding OML on input line 712.
LaTeX Font Info:    Redeclaring font encoding OMS on input line 713.
\macc@depth=\count290
\c@MaxMatrixCols=\count291
\dotsspace@=\muskip11
\c@parentequation=\count292
\dspbrk@lvl=\count293
\tag@help=\toks17
\row@=\count294
\column@=\count295
\maxfields@=\count296
\andhelp@=\toks18
\eqnshift@=\dimen116
\alignsep@=\dimen117
\tagshift@=\dimen118
\tagwidth@=\dimen119
\totwidth@=\dimen120
\lineht@=\dimen121
\@envbody=\toks19
\multlinegap=\skip76
\multlinetaggap=\skip77
\mathdisplay@stack=\toks20
LaTeX Info: Redefining \[ on input line 2817.
LaTeX Info: Redefining \] on input line 2818.
)
LaTeX Info: Thecontrolsequence`\('isalreadyrobust on input line 129.
LaTeX Info: Thecontrolsequence`\)'isalreadyrobust on input line 129.
LaTeX Info: Thecontrolsequence`\['isalreadyrobust on input line 129.
LaTeX Info: Thecontrolsequence`\]'isalreadyrobust on input line 129.
\g_MT_multlinerow_int=\count297
\l_MT_multwidth_dim=\dimen122
\origjot=\skip78
\l_MT_shortvdotswithinadjustabove_dim=\dimen123
\l_MT_shortvdotswithinadjustbelow_dim=\dimen124
\l_MT_above_intertext_sep=\dimen125
\l_MT_below_intertext_sep=\dimen126
\l_MT_above_shortintertext_sep=\dimen127
\l_MT_below_shortintertext_sep=\dimen128
)
("C:\Users\Frank\AppData\Local\Programs\MiKTeX 2.9\tex\latex\float\float.sty"
Package: float 2001/11/08 v1.3d Float enhancements (AL)
\c@float@type=\count298
\float@exts=\toks21
\float@box=\box30
\@float@everytoks=\toks22
\@floatcapt=\box31
)
("C:\Users\Frank\AppData\Local\Programs\MiKTeX 2.9\tex\latex\amsfonts\amssymb.s
ty"
Package: amssymb 2013/01/14 v3.01 AMS font symbols

("C:\Users\Frank\AppData\Local\Programs\MiKTeX 2.9\tex\latex\amsfonts\amsfonts.
sty"
Package: amsfonts 2013/01/14 v3.01 Basic AMSFonts support
\symAMSa=\mathgroup4
\symAMSb=\mathgroup5
LaTeX Font Info:    Overwriting math alphabet `\mathfrak' in version `bold'
(Font)                  U/euf/m/n --> U/euf/b/n on input line 106.
))
("C:\Users\Frank\AppData\Local\Programs\MiKTeX 2.9\tex\latex\graphics\rotating.
sty"
Package: rotating 2016/08/11 v2.16d rotated objects in LaTeX

("C:\Users\Frank\AppData\Local\Programs\MiKTeX 2.9\tex\latex\graphics\graphicx.
sty"
Package: graphicx 2017/06/01 v1.1a Enhanced LaTeX Graphics (DPC,SPQR)

("C:\Users\Frank\AppData\Local\Programs\MiKTeX 2.9\tex\latex\graphics\graphics.
sty"
Package: graphics 2017/06/25 v1.2c Standard LaTeX Graphics (DPC,SPQR)

("C:\Users\Frank\AppData\Local\Programs\MiKTeX 2.9\tex\latex\graphics\trig.sty"
Package: trig 2016/01/03 v1.10 sin cos tan (DPC)
)
("C:\Users\Frank\AppData\Local\Programs\MiKTeX 2.9\tex\latex\graphics-cfg\graph
ics.cfg"
File: graphics.cfg 2016/06/04 v1.11 sample graphics configuration
)
Package graphics Info: Driver file: pdftex.def on input line 99.

("C:\Users\Frank\AppData\Local\Programs\MiKTeX 2.9\tex\latex\graphics-def\pdfte
x.def"
File: pdftex.def 2018/01/08 v1.0l Graphics/color driver for pdftex
))
\Gin@req@height=\dimen129
\Gin@req@width=\dimen130
)
\c@r@tfl@t=\count299
\rotFPtop=\skip79
\rotFPbot=\skip80
\rot@float@box=\box32
\rot@mess@toks=\toks23
)
("C:\Users\Frank\AppData\Local\Programs\MiKTeX 2.9\tex\generic\babel\babel.sty"
Package: babel 2018/01/24 3.17 The Babel package
("C:\Users\Frank\AppData\Local\Programs\MiKTeX 2.9\tex\generic\babel\switch.def
"
File: switch.def 2018/01/24 3.17 Babel switching mechanism
)
*************************************
* Local config file bblopts.cfg used
*
("C:\Users\Frank\AppData\Local\Programs\MiKTeX 2.9\tex\latex\arabi\bblopts.cfg"
File: bblopts.cfg 2005/09/08 v0.1 add Arabic and Farsi to "declared" options of
 babel
)
("C:\Users\Frank\AppData\Local\Programs\MiKTeX 2.9\tex\latex\babel-german\ngerm
an.ldf"
Language: ngerman 2016/11/02 v2.9 German support for babel (new orthography)

("C:\Users\Frank\AppData\Local\Programs\MiKTeX 2.9\tex\latex\babel-german\ngerm
anb.ldf"
Language: ngermanb 2016/11/02 v2.9 German support for babel (new orthography)

("C:\Users\Frank\AppData\Local\Programs\MiKTeX 2.9\tex\generic\babel\babel.def"
File: babel.def 2018/01/24 3.17 Babel common definitions
("C:\Users\Frank\AppData\Local\Programs\MiKTeX 2.9\tex\generic\babel\switch.def
"
File: switch.def 2018/01/24 3.17 Babel switching mechanism
)
\babel@savecnt=\count300
\U@D=\dimen131

("C:\Users\Frank\AppData\Local\Programs\MiKTeX 2.9\tex\generic\babel\txtbabel.d
ef")
\bbl@dirlevel=\count301
)
Package babel Info: Making " an active character on input line 125.
))
("C:\Users\Frank\AppData\Local\Programs\MiKTeX 2.9\tex\latex\babel-english\engl
ish.ldf"
Language: english 2017/06/06 v3.3r English support from the babel system
\l@canadian = a dialect from \language\l@american 
\l@australian = a dialect from \language\l@british 
\l@newzealand = a dialect from \language\l@british 
))
("C:\Users\Frank\AppData\Local\Programs\MiKTeX 2.9\tex\latex\base\inputenc.sty"
Package: inputenc 2015/03/17 v1.2c Input encoding file
\inpenc@prehook=\toks24
\inpenc@posthook=\toks25
("C:\Users\Frank\AppData\Local\Programs\MiKTeX 2.9\tex\latex\base\utf8.def"
File: utf8.def 2017/01/28 v1.1t UTF-8 support for inputenc
Now handling font encoding OML ...
... no UTF-8 mapping file for font encoding OML
Now handling font encoding T1 ...
... processing UTF-8 mapping file for font encoding T1

("C:\Users\Frank\AppData\Local\Programs\MiKTeX 2.9\tex\latex\base\t1enc.dfu"
File: t1enc.dfu 2017/01/28 v1.1t UTF-8 support for inputenc
   defining Unicode char U+00A0 (decimal 160)
   defining Unicode char U+00A1 (decimal 161)
   defining Unicode char U+00A3 (decimal 163)
   defining Unicode char U+00AB (decimal 171)
   defining Unicode char U+00AD (decimal 173)
   defining Unicode char U+00BB (decimal 187)
   defining Unicode char U+00BF (decimal 191)
   defining Unicode char U+00C0 (decimal 192)
   defining Unicode char U+00C1 (decimal 193)
   defining Unicode char U+00C2 (decimal 194)
   defining Unicode char U+00C3 (decimal 195)
   defining Unicode char U+00C4 (decimal 196)
   defining Unicode char U+00C5 (decimal 197)
   defining Unicode char U+00C6 (decimal 198)
   defining Unicode char U+00C7 (decimal 199)
   defining Unicode char U+00C8 (decimal 200)
   defining Unicode char U+00C9 (decimal 201)
   defining Unicode char U+00CA (decimal 202)
   defining Unicode char U+00CB (decimal 203)
   defining Unicode char U+00CC (decimal 204)
   defining Unicode char U+00CD (decimal 205)
   defining Unicode char U+00CE (decimal 206)
   defining Unicode char U+00CF (decimal 207)
   defining Unicode char U+00D0 (decimal 208)
   defining Unicode char U+00D1 (decimal 209)
   defining Unicode char U+00D2 (decimal 210)
   defining Unicode char U+00D3 (decimal 211)
   defining Unicode char U+00D4 (decimal 212)
   defining Unicode char U+00D5 (decimal 213)
   defining Unicode char U+00D6 (decimal 214)
   defining Unicode char U+00D8 (decimal 216)
   defining Unicode char U+00D9 (decimal 217)
   defining Unicode char U+00DA (decimal 218)
   defining Unicode char U+00DB (decimal 219)
   defining Unicode char U+00DC (decimal 220)
   defining Unicode char U+00DD (decimal 221)
   defining Unicode char U+00DE (decimal 222)
   defining Unicode char U+00DF (decimal 223)
   defining Unicode char U+00E0 (decimal 224)
   defining Unicode char U+00E1 (decimal 225)
   defining Unicode char U+00E2 (decimal 226)
   defining Unicode char U+00E3 (decimal 227)
   defining Unicode char U+00E4 (decimal 228)
   defining Unicode char U+00E5 (decimal 229)
   defining Unicode char U+00E6 (decimal 230)
   defining Unicode char U+00E7 (decimal 231)
   defining Unicode char U+00E8 (decimal 232)
   defining Unicode char U+00E9 (decimal 233)
   defining Unicode char U+00EA (decimal 234)
   defining Unicode char U+00EB (decimal 235)
   defining Unicode char U+00EC (decimal 236)
   defining Unicode char U+00ED (decimal 237)
   defining Unicode char U+00EE (decimal 238)
   defining Unicode char U+00EF (decimal 239)
   defining Unicode char U+00F0 (decimal 240)
   defining Unicode char U+00F1 (decimal 241)
   defining Unicode char U+00F2 (decimal 242)
   defining Unicode char U+00F3 (decimal 243)
   defining Unicode char U+00F4 (decimal 244)
   defining Unicode char U+00F5 (decimal 245)
   defining Unicode char U+00F6 (decimal 246)
   defining Unicode char U+00F8 (decimal 248)
   defining Unicode char U+00F9 (decimal 249)
   defining Unicode char U+00FA (decimal 250)
   defining Unicode char U+00FB (decimal 251)
   defining Unicode char U+00FC (decimal 252)
   defining Unicode char U+00FD (decimal 253)
   defining Unicode char U+00FE (decimal 254)
   defining Unicode char U+00FF (decimal 255)
   defining Unicode char U+0100 (decimal 256)
   defining Unicode char U+0101 (decimal 257)
   defining Unicode char U+0102 (decimal 258)
   defining Unicode char U+0103 (decimal 259)
   defining Unicode char U+0104 (decimal 260)
   defining Unicode char U+0105 (decimal 261)
   defining Unicode char U+0106 (decimal 262)
   defining Unicode char U+0107 (decimal 263)
   defining Unicode char U+0108 (decimal 264)
   defining Unicode char U+0109 (decimal 265)
   defining Unicode char U+010A (decimal 266)
   defining Unicode char U+010B (decimal 267)
   defining Unicode char U+010C (decimal 268)
   defining Unicode char U+010D (decimal 269)
   defining Unicode char U+010E (decimal 270)
   defining Unicode char U+010F (decimal 271)
   defining Unicode char U+0110 (decimal 272)
   defining Unicode char U+0111 (decimal 273)
   defining Unicode char U+0112 (decimal 274)
   defining Unicode char U+0113 (decimal 275)
   defining Unicode char U+0114 (decimal 276)
   defining Unicode char U+0115 (decimal 277)
   defining Unicode char U+0116 (decimal 278)
   defining Unicode char U+0117 (decimal 279)
   defining Unicode char U+0118 (decimal 280)
   defining Unicode char U+0119 (decimal 281)
   defining Unicode char U+011A (decimal 282)
   defining Unicode char U+011B (decimal 283)
   defining Unicode char U+011C (decimal 284)
   defining Unicode char U+011D (decimal 285)
   defining Unicode char U+011E (decimal 286)
   defining Unicode char U+011F (decimal 287)
   defining Unicode char U+0120 (decimal 288)
   defining Unicode char U+0121 (decimal 289)
   defining Unicode char U+0122 (decimal 290)
   defining Unicode char U+0123 (decimal 291)
   defining Unicode char U+0124 (decimal 292)
   defining Unicode char U+0125 (decimal 293)
   defining Unicode char U+0128 (decimal 296)
   defining Unicode char U+0129 (decimal 297)
   defining Unicode char U+012A (decimal 298)
   defining Unicode char U+012B (decimal 299)
   defining Unicode char U+012C (decimal 300)
   defining Unicode char U+012D (decimal 301)
   defining Unicode char U+012E (decimal 302)
   defining Unicode char U+012F (decimal 303)
   defining Unicode char U+0130 (decimal 304)
   defining Unicode char U+0131 (decimal 305)
   defining Unicode char U+0132 (decimal 306)
   defining Unicode char U+0133 (decimal 307)
   defining Unicode char U+0134 (decimal 308)
   defining Unicode char U+0135 (decimal 309)
   defining Unicode char U+0136 (decimal 310)
   defining Unicode char U+0137 (decimal 311)
   defining Unicode char U+0139 (decimal 313)
   defining Unicode char U+013A (decimal 314)
   defining Unicode char U+013B (decimal 315)
   defining Unicode char U+013C (decimal 316)
   defining Unicode char U+013D (decimal 317)
   defining Unicode char U+013E (decimal 318)
   defining Unicode char U+0141 (decimal 321)
   defining Unicode char U+0142 (decimal 322)
   defining Unicode char U+0143 (decimal 323)
   defining Unicode char U+0144 (decimal 324)
   defining Unicode char U+0145 (decimal 325)
   defining Unicode char U+0146 (decimal 326)
   defining Unicode char U+0147 (decimal 327)
   defining Unicode char U+0148 (decimal 328)
   defining Unicode char U+014A (decimal 330)
   defining Unicode char U+014B (decimal 331)
   defining Unicode char U+014C (decimal 332)
   defining Unicode char U+014D (decimal 333)
   defining Unicode char U+014E (decimal 334)
   defining Unicode char U+014F (decimal 335)
   defining Unicode char U+0150 (decimal 336)
   defining Unicode char U+0151 (decimal 337)
   defining Unicode char U+0152 (decimal 338)
   defining Unicode char U+0153 (decimal 339)
   defining Unicode char U+0154 (decimal 340)
   defining Unicode char U+0155 (decimal 341)
   defining Unicode char U+0156 (decimal 342)
   defining Unicode char U+0157 (decimal 343)
   defining Unicode char U+0158 (decimal 344)
   defining Unicode char U+0159 (decimal 345)
   defining Unicode char U+015A (decimal 346)
   defining Unicode char U+015B (decimal 347)
   defining Unicode char U+015C (decimal 348)
   defining Unicode char U+015D (decimal 349)
   defining Unicode char U+015E (decimal 350)
   defining Unicode char U+015F (decimal 351)
   defining Unicode char U+0160 (decimal 352)
   defining Unicode char U+0161 (decimal 353)
   defining Unicode char U+0162 (decimal 354)
   defining Unicode char U+0163 (decimal 355)
   defining Unicode char U+0164 (decimal 356)
   defining Unicode char U+0165 (decimal 357)
   defining Unicode char U+0168 (decimal 360)
   defining Unicode char U+0169 (decimal 361)
   defining Unicode char U+016A (decimal 362)
   defining Unicode char U+016B (decimal 363)
   defining Unicode char U+016C (decimal 364)
   defining Unicode char U+016D (decimal 365)
   defining Unicode char U+016E (decimal 366)
   defining Unicode char U+016F (decimal 367)
   defining Unicode char U+0170 (decimal 368)
   defining Unicode char U+0171 (decimal 369)
   defining Unicode char U+0172 (decimal 370)
   defining Unicode char U+0173 (decimal 371)
   defining Unicode char U+0174 (decimal 372)
   defining Unicode char U+0175 (decimal 373)
   defining Unicode char U+0176 (decimal 374)
   defining Unicode char U+0177 (decimal 375)
   defining Unicode char U+0178 (decimal 376)
   defining Unicode char U+0179 (decimal 377)
   defining Unicode char U+017A (decimal 378)
   defining Unicode char U+017B (decimal 379)
   defining Unicode char U+017C (decimal 380)
   defining Unicode char U+017D (decimal 381)
   defining Unicode char U+017E (decimal 382)
   defining Unicode char U+01CD (decimal 461)
   defining Unicode char U+01CE (decimal 462)
   defining Unicode char U+01CF (decimal 463)
   defining Unicode char U+01D0 (decimal 464)
   defining Unicode char U+01D1 (decimal 465)
   defining Unicode char U+01D2 (decimal 466)
   defining Unicode char U+01D3 (decimal 467)
   defining Unicode char U+01D4 (decimal 468)
   defining Unicode char U+01E2 (decimal 482)
   defining Unicode char U+01E3 (decimal 483)
   defining Unicode char U+01E6 (decimal 486)
   defining Unicode char U+01E7 (decimal 487)
   defining Unicode char U+01E8 (decimal 488)
   defining Unicode char U+01E9 (decimal 489)
   defining Unicode char U+01EA (decimal 490)
   defining Unicode char U+01EB (decimal 491)
   defining Unicode char U+01F0 (decimal 496)
   defining Unicode char U+01F4 (decimal 500)
   defining Unicode char U+01F5 (decimal 501)
   defining Unicode char U+0218 (decimal 536)
   defining Unicode char U+0219 (decimal 537)
   defining Unicode char U+021A (decimal 538)
   defining Unicode char U+021B (decimal 539)
   defining Unicode char U+0232 (decimal 562)
   defining Unicode char U+0233 (decimal 563)
   defining Unicode char U+1E02 (decimal 7682)
   defining Unicode char U+1E03 (decimal 7683)
   defining Unicode char U+200C (decimal 8204)
   defining Unicode char U+2010 (decimal 8208)
   defining Unicode char U+2011 (decimal 8209)
   defining Unicode char U+2012 (decimal 8210)
   defining Unicode char U+2013 (decimal 8211)
   defining Unicode char U+2014 (decimal 8212)
   defining Unicode char U+2015 (decimal 8213)
   defining Unicode char U+2018 (decimal 8216)
   defining Unicode char U+2019 (decimal 8217)
   defining Unicode char U+201A (decimal 8218)
   defining Unicode char U+201C (decimal 8220)
   defining Unicode char U+201D (decimal 8221)
   defining Unicode char U+201E (decimal 8222)
   defining Unicode char U+2030 (decimal 8240)
   defining Unicode char U+2031 (decimal 8241)
   defining Unicode char U+2039 (decimal 8249)
   defining Unicode char U+203A (decimal 8250)
   defining Unicode char U+2423 (decimal 9251)
   defining Unicode char U+1E20 (decimal 7712)
   defining Unicode char U+1E21 (decimal 7713)
)
Now handling font encoding OT1 ...
... processing UTF-8 mapping file for font encoding OT1

("C:\Users\Frank\AppData\Local\Programs\MiKTeX 2.9\tex\latex\base\ot1enc.dfu"
File: ot1enc.dfu 2017/01/28 v1.1t UTF-8 support for inputenc
   defining Unicode char U+00A0 (decimal 160)
   defining Unicode char U+00A1 (decimal 161)
   defining Unicode char U+00A3 (decimal 163)
   defining Unicode char U+00AD (decimal 173)
   defining Unicode char U+00B8 (decimal 184)
   defining Unicode char U+00BF (decimal 191)
   defining Unicode char U+00C5 (decimal 197)
   defining Unicode char U+00C6 (decimal 198)
   defining Unicode char U+00D8 (decimal 216)
   defining Unicode char U+00DF (decimal 223)
   defining Unicode char U+00E6 (decimal 230)
   defining Unicode char U+00EC (decimal 236)
   defining Unicode char U+00ED (decimal 237)
   defining Unicode char U+00EE (decimal 238)
   defining Unicode char U+00EF (decimal 239)
   defining Unicode char U+00F8 (decimal 248)
   defining Unicode char U+0131 (decimal 305)
   defining Unicode char U+0141 (decimal 321)
   defining Unicode char U+0142 (decimal 322)
   defining Unicode char U+0152 (decimal 338)
   defining Unicode char U+0153 (decimal 339)
   defining Unicode char U+0174 (decimal 372)
   defining Unicode char U+0175 (decimal 373)
   defining Unicode char U+0176 (decimal 374)
   defining Unicode char U+0177 (decimal 375)
   defining Unicode char U+0218 (decimal 536)
   defining Unicode char U+0219 (decimal 537)
   defining Unicode char U+021A (decimal 538)
   defining Unicode char U+021B (decimal 539)
   defining Unicode char U+2013 (decimal 8211)
   defining Unicode char U+2014 (decimal 8212)
   defining Unicode char U+2018 (decimal 8216)
   defining Unicode char U+2019 (decimal 8217)
   defining Unicode char U+201C (decimal 8220)
   defining Unicode char U+201D (decimal 8221)
)
Now handling font encoding OMS ...
... processing UTF-8 mapping file for font encoding OMS

("C:\Users\Frank\AppData\Local\Programs\MiKTeX 2.9\tex\latex\base\omsenc.dfu"
File: omsenc.dfu 2017/01/28 v1.1t UTF-8 support for inputenc
   defining Unicode char U+00A7 (decimal 167)
   defining Unicode char U+00B6 (decimal 182)
   defining Unicode char U+00B7 (decimal 183)
   defining Unicode char U+2020 (decimal 8224)
   defining Unicode char U+2021 (decimal 8225)
   defining Unicode char U+2022 (decimal 8226)
)
Now handling font encoding OMX ...
... no UTF-8 mapping file for font encoding OMX
Now handling font encoding U ...
... no UTF-8 mapping file for font encoding U
   defining Unicode char U+00A9 (decimal 169)
   defining Unicode char U+00AA (decimal 170)
   defining Unicode char U+00AE (decimal 174)
   defining Unicode char U+00BA (decimal 186)
   defining Unicode char U+02C6 (decimal 710)
   defining Unicode char U+02DC (decimal 732)
   defining Unicode char U+200C (decimal 8204)
   defining Unicode char U+2026 (decimal 8230)
   defining Unicode char U+2122 (decimal 8482)
   defining Unicode char U+2423 (decimal 9251)
)) ("C:\Users\Frank\AppData\Local\Programs\MiKTeX 2.9\tex\latex\base\fontenc.st
y"
Package: fontenc 2017/04/05 v2.0i Standard LaTeX package
 ("C:\Users\Frank\AppData\Local\Programs\MiKTeX 2.9\tex\latex\base\t1enc.def"
File: t1enc.def 2017/04/05 v2.0i Standard LaTeX file
LaTeX Font Info:    Redeclaring font encoding T1 on input line 48.
))
("C:\Users\Frank\AppData\Local\Programs\MiKTeX 2.9\tex\latex\booktabs\booktabs.
sty"
Package: booktabs 2005/04/14 v1.61803 publication quality tables
\heavyrulewidth=\dimen132
\lightrulewidth=\dimen133
\cmidrulewidth=\dimen134
\belowrulesep=\dimen135
\belowbottomsep=\dimen136
\aboverulesep=\dimen137
\abovetopsep=\dimen138
\cmidrulesep=\dimen139
\cmidrulekern=\dimen140
\defaultaddspace=\dimen141
\@cmidla=\count302
\@cmidlb=\count303
\@aboverulesep=\dimen142
\@belowrulesep=\dimen143
\@thisruleclass=\count304
\@lastruleclass=\count305
\@thisrulewidth=\dimen144
)
("C:\Users\Frank\AppData\Local\Programs\MiKTeX 2.9\tex\latex\algorithmicx\algps
eudocode.sty"
Package: algpseudocode 

("C:\Users\Frank\AppData\Local\Programs\MiKTeX 2.9\tex\latex\algorithmicx\algor
ithmicx.sty"
Package: algorithmicx 2005/04/27 v1.2 Algorithmicx

Document Style algorithmicx 1.2 - a greatly improved `algorithmic' style
\c@ALG@line=\count306
\c@ALG@rem=\count307
\c@ALG@nested=\count308
\ALG@tlm=\skip81
\ALG@thistlm=\skip82
\c@ALG@Lnr=\count309
\c@ALG@blocknr=\count310
\c@ALG@storecount=\count311
\c@ALG@tmpcounter=\count312
\ALG@tmplength=\skip83
)
Document Style - pseudocode environments for use with the `algorithmicx' style
)
("C:\Users\Frank\AppData\Local\Programs\MiKTeX 2.9\tex\latex\algorithms\algorit
hm.sty"
Package: algorithm 2009/08/24 v0.1 Document Style `algorithm' - floating enviro
nment
\@float@every@algorithm=\toks26
\c@algorithm=\count313
)
("C:\Users\Frank\AppData\Local\Programs\MiKTeX 2.9\tex\latex\siunitx\siunitx.st
y"
("C:\Users\Frank\AppData\Local\Programs\MiKTeX 2.9\tex\latex\l3kernel\expl3.sty
"
Package: expl3 2017/12/16 L3 programming layer (loader) 

("C:\Users\Frank\AppData\Local\Programs\MiKTeX 2.9\tex\latex\l3kernel\expl3-cod
e.tex"
Package: expl3 2017/12/16 L3 programming layer (code)
\c_max_int=\count314
\l_tmpa_int=\count315
\l_tmpb_int=\count316
\g_tmpa_int=\count317
\g_tmpb_int=\count318
\g__intarray_font_int=\count319
\g__prg_map_int=\count320
\c_log_iow=\count321
\l_iow_line_count_int=\count322
\l__iow_line_target_int=\count323
\l__iow_one_indent_int=\count324
\l__iow_indent_int=\count325
\c_zero_dim=\dimen145
\c_max_dim=\dimen146
\l_tmpa_dim=\dimen147
\l_tmpb_dim=\dimen148
\g_tmpa_dim=\dimen149
\g_tmpb_dim=\dimen150
\c_zero_skip=\skip84
\c_max_skip=\skip85
\l_tmpa_skip=\skip86
\l_tmpb_skip=\skip87
\g_tmpa_skip=\skip88
\g_tmpb_skip=\skip89
\c_zero_muskip=\muskip12
\c_max_muskip=\muskip13
\l_tmpa_muskip=\muskip14
\l_tmpb_muskip=\muskip15
\g_tmpa_muskip=\muskip16
\g_tmpb_muskip=\muskip17
\l_keys_choice_int=\count326
\c__fp_leading_shift_int=\count327
\c__fp_middle_shift_int=\count328
\c__fp_trailing_shift_int=\count329
\c__fp_big_leading_shift_int=\count330
\c__fp_big_middle_shift_int=\count331
\c__fp_big_trailing_shift_int=\count332
\c__fp_Bigg_leading_shift_int=\count333
\c__fp_Bigg_middle_shift_int=\count334
\c__fp_Bigg_trailing_shift_int=\count335
\c__fp_rand_size_int=\count336
\c__fp_rand_four_int=\count337
\c__fp_rand_eight_int=\count338
\l__sort_length_int=\count339
\l__sort_min_int=\count340
\l__sort_top_int=\count341
\l__sort_max_int=\count342
\l__sort_true_max_int=\count343
\l__sort_block_int=\count344
\l__sort_begin_int=\count345
\l__sort_end_int=\count346
\l__sort_A_int=\count347
\l__sort_B_int=\count348
\l__sort_C_int=\count349
\l__tl_build_start_index_int=\count350
\l__tl_build_index_int=\count351
\l__tl_analysis_normal_int=\count352
\l__tl_analysis_index_int=\count353
\l__tl_analysis_nesting_int=\count354
\l__tl_analysis_type_int=\count355
\l__regex_internal_a_int=\count356
\l__regex_internal_b_int=\count357
\l__regex_internal_c_int=\count358
\l__regex_balance_int=\count359
\l__regex_group_level_int=\count360
\l__regex_mode_int=\count361
\c__regex_cs_in_class_mode_int=\count362
\c__regex_cs_mode_int=\count363
\l__regex_catcodes_int=\count364
\l__regex_default_catcodes_int=\count365
\c__regex_catcode_D_int=\count366
\c__regex_catcode_S_int=\count367
\c__regex_catcode_L_int=\count368
\c__regex_catcode_O_int=\count369
\c__regex_catcode_A_int=\count370
\c__regex_all_catcodes_int=\count371
\l__regex_show_lines_int=\count372
\l__regex_min_state_int=\count373
\l__regex_max_state_int=\count374
\l__regex_left_state_int=\count375
\l__regex_right_state_int=\count376
\l__regex_capturing_group_int=\count377
\l__regex_min_pos_int=\count378
\l__regex_max_pos_int=\count379
\l__regex_curr_pos_int=\count380
\l__regex_start_pos_int=\count381
\l__regex_success_pos_int=\count382
\l__regex_curr_char_int=\count383
\l__regex_curr_catcode_int=\count384
\l__regex_last_char_int=\count385
\l__regex_case_changed_char_int=\count386
\l__regex_curr_state_int=\count387
\l__regex_step_int=\count388
\l__regex_min_active_int=\count389
\l__regex_max_active_int=\count390
\l__regex_replacement_csnames_int=\count391
\l__regex_match_count_int=\count392
\l__regex_min_submatch_int=\count393
\l__regex_submatch_int=\count394
\l__regex_zeroth_submatch_int=\count395
\g__debug_trace_regex_int=\count396
\c_empty_box=\box33
\l_tmpa_box=\box34
\l_tmpb_box=\box35
\g_tmpa_box=\box36
\g_tmpb_box=\box37
\l__box_top_dim=\dimen151
\l__box_bottom_dim=\dimen152
\l__box_left_dim=\dimen153
\l__box_right_dim=\dimen154
\l__box_top_new_dim=\dimen155
\l__box_bottom_new_dim=\dimen156
\l__box_left_new_dim=\dimen157
\l__box_right_new_dim=\dimen158
\l__box_internal_box=\box38
\l__coffin_internal_box=\box39
\l__coffin_internal_dim=\dimen159
\l__coffin_offset_x_dim=\dimen160
\l__coffin_offset_y_dim=\dimen161
\l__coffin_x_dim=\dimen162
\l__coffin_y_dim=\dimen163
\l__coffin_x_prime_dim=\dimen164
\l__coffin_y_prime_dim=\dimen165
\c_empty_coffin=\box40
\l__coffin_aligned_coffin=\box41
\l__coffin_aligned_internal_coffin=\box42
\l_tmpa_coffin=\box43
\l_tmpb_coffin=\box44
\l__coffin_display_coffin=\box45
\l__coffin_display_coord_coffin=\box46
\l__coffin_display_pole_coffin=\box47
\l__coffin_display_offset_dim=\dimen166
\l__coffin_display_x_dim=\dimen167
\l__coffin_display_y_dim=\dimen168
\l__coffin_bounding_shift_dim=\dimen169
\l__coffin_left_corner_dim=\dimen170
\l__coffin_right_corner_dim=\dimen171
\l__coffin_bottom_corner_dim=\dimen172
\l__coffin_top_corner_dim=\dimen173
\l__coffin_scaled_total_height_dim=\dimen174
\l__coffin_scaled_width_dim=\dimen175
)
("C:\Users\Frank\AppData\Local\Programs\MiKTeX 2.9\tex\latex\l3kernel\l3pdfmode
.def"
File: l3pdfmode.def 2017/03/18 v L3 Experimental driver: PDF mode
\l__driver_color_stack_int=\count397
\l__driver_tmp_box=\box48
))
("C:\Users\Frank\AppData\Local\Programs\MiKTeX 2.9\tex\latex\l3packages\xparse\
xparse.sty"
Package: xparse 2017/12/16 L3 Experimental document command parser
\l__xparse_current_arg_int=\count398
\g__xparse_grabber_int=\count399
\l__xparse_m_args_int=\count400
\l__xparse_mandatory_args_int=\count401
\l__xparse_v_nesting_int=\count402
)
Package: siunitx 2018/05/17 v2.7s A comprehensive (SI) units package

("C:\Users\Frank\AppData\Local\Programs\MiKTeX 2.9\tex\latex\tools\array.sty"
Package: array 2016/10/06 v2.4d Tabular extension package (FMi)
\col@sep=\dimen176
\extrarowheight=\dimen177
\NC@list=\toks27
\extratabsurround=\skip90
\backup@length=\skip91
)
("C:\Users\Frank\AppData\Local\Programs\MiKTeX 2.9\tex\latex\l3packages\l3keys2
e\l3keys2e.sty"
Package: l3keys2e 2017/12/16 LaTeX2e option processing using LaTeX3 keys
)
\l__siunitx_tmp_box=\box49
\l__siunitx_tmp_dim=\dimen178
\l__siunitx_tmp_int=\count403
\l__siunitx_number_mantissa_length_int=\count404
\l__siunitx_number_uncert_length_int=\count405
\l__siunitx_round_int=\count406
\l__siunitx_process_decimal_int=\count407
\l__siunitx_process_uncertainty_int=\count408
\l__siunitx_process_fixed_int=\count409
\l__siunitx_process_integer_min_int=\count410
\l__siunitx_process_precision_int=\count411
\l__siunitx_group_min_int=\count412
\l__siunitx_angle_marker_box=\box50
\l__siunitx_angle_unit_box=\box51
\l__siunitx_angle_marker_dim=\dimen179
\l__siunitx_angle_unit_dim=\dimen180
\l__siunitx_unit_int=\count413
\l__siunitx_unit_denominator_int=\count414
\l__siunitx_unit_numerator_int=\count415
\l__siunitx_unit_prefix_int=\count416
\l__siunitx_unit_prefix_base_int=\count417
\l__siunitx_unit_prefix_gram_int=\count418
\l__siunitx_number_product_int=\count419
\c__siunitx_one_fill_skip=\skip92
\l__siunitx_table_unit_align_skip=\skip93
\l__siunitx_table_exponent_dim=\dimen181
\l__siunitx_table_integer_dim=\dimen182
\l__siunitx_table_mantissa_dim=\dimen183
\l__siunitx_table_marker_dim=\dimen184
\l__siunitx_table_result_dim=\dimen185
\l__siunitx_table_uncert_dim=\dimen186
\l__siunitx_table_fill_pre_dim=\dimen187
\l__siunitx_table_fill_post_dim=\dimen188
\l__siunitx_table_fill_mid_dim=\dimen189
\l__siunitx_table_pre_box=\box52
\l__siunitx_table_post_box=\box53
\l__siunitx_table_mantissa_box=\box54
\l__siunitx_table_result_box=\box55
\l__siunitx_table_number_align_skip=\skip94
\l__siunitx_table_text_align_skip=\skip95
.................................................
. LaTeX info: "xparse/define-command"
. 
. Defining command \DeclareBinaryPrefix with sig. 'mmm' on line 7237.
.................................................
.................................................
. LaTeX info: "xparse/define-command"
. 
. Defining command \DeclareSIPostPower with sig. 'mm' on line 7240.
.................................................
.................................................
. LaTeX info: "xparse/define-command"
. 
. Defining command \DeclareSIPrefix with sig. 'mmm' on line 7243.
.................................................
.................................................
. LaTeX info: "xparse/define-command"
. 
. Defining command \DeclareSIPrePower with sig. 'mm' on line 7246.
.................................................
.................................................
. LaTeX info: "xparse/define-command"
. 
. Defining command \DeclareSIQualifier with sig. 'mm' on line 7249.
.................................................
.................................................
. LaTeX info: "xparse/define-command"
. 
. Defining command \DeclareSIUnit with sig. 'O{}mm' on line 7252.
.................................................
.................................................
. LaTeX info: "xparse/define-command"
. 
. Defining command \DeclareSIUnitWithOptions with sig. 'mmm' on line 7255.
.................................................
.................................................
. LaTeX info: "xparse/define-command"
. 
. Defining command \ang with sig. 'o>{\SplitArgument {2}{;}}m' on line 7270.
.................................................
.................................................
. LaTeX info: "xparse/define-command"
. 
. Defining command \num with sig. 'om' on line 7279.
.................................................
.................................................
. LaTeX info: "xparse/define-command"
. 
. Defining command \numlist with sig. 'o>{\SplitList {;}}m' on line 7288.
.................................................
.................................................
. LaTeX info: "xparse/define-command"
. 
. Defining command \numrange with sig. 'omm' on line 7297.
.................................................
.................................................
. LaTeX info: "xparse/define-command"
. 
. Defining command \SIlist with sig. 'o>{\SplitList {;}}mm' on line 7309.
.................................................
.................................................
. LaTeX info: "xparse/define-command"
. 
. Defining command \SIrange with sig. 'ommm' on line 7321.
.................................................
.................................................
. LaTeX info: "xparse/define-command"
. 
. Defining command \SI with sig. 'omom' on line 7333.
.................................................
.................................................
. LaTeX info: "xparse/define-command"
. 
. Defining command \sisetup with sig. 'm' on line 7336.
.................................................
.................................................
. LaTeX info: "xparse/define-command"
. 
. Defining command \tablenum with sig. 'om' on line 7351.
.................................................
.................................................
. LaTeX info: "xparse/define-command"
. 
. Defining command \si with sig. 'om' on line 7363.
.................................................
.................................................
. LaTeX info: "xparse/define-command"
. 
. Defining command \numInBookmark with sig. 'om' on line 7410.
.................................................
.................................................
. LaTeX info: "xparse/define-command"
. 
. Defining command \numrangeInBookmark with sig. 'omm' on line 7412.
.................................................
.................................................
. LaTeX info: "xparse/define-command"
. 
. Defining command \SIInBookmark with sig. 'omom' on line 7414.
.................................................
.................................................
. LaTeX info: "xparse/define-command"
. 
. Defining command \SIlistInBookmark with sig. 'omm' on line 7416.
.................................................
.................................................
. LaTeX info: "xparse/define-command"
. 
. Defining command \SIrangeInBookmark with sig. 'ommm' on line 7418.
.................................................
.................................................
. LaTeX info: "xparse/define-command"
. 
. Defining command \siInBookmark with sig. 'om' on line 7419.
.................................................
\g__file_internal_ior=\read2

("C:\Users\Frank\AppData\Local\Programs\MiKTeX 2.9\tex\latex\translator\transla
tor.sty"
Package: translator 2018/01/04 v1.12 Easy translation of strings in LaTeX
))
.................................................
. LaTeX info: "xparse/define-command"
. 
. Defining command \LeftComment with sig. 's m' on line 34.
.................................................
Package biblatex Info: Trying to load language 'english'...
Package biblatex Info: ... file 'english.lbx' found.

("C:\Users\Frank\AppData\Local\Programs\MiKTeX 2.9\tex\latex\biblatex\lbx\engli
sh.lbx"
File: english.lbx 2017/12/19 v3.10 biblatex localization (PK/JW/AB)
)
Package biblatex Info: Trying to load language 'ngerman'...
Package biblatex Info: ... file 'ngerman.lbx' found.

("C:\Users\Frank\AppData\Local\Programs\MiKTeX 2.9\tex\latex\biblatex\lbx\ngerm
an.lbx"
File: ngerman.lbx 2017/12/19 v3.10 biblatex localization (PK/JW/AB)
Package biblatex Info: Trying to load language 'german'...
Package biblatex Info: ... file 'german.lbx' found.

("C:\Users\Frank\AppData\Local\Programs\MiKTeX 2.9\tex\latex\biblatex\lbx\germa
n.lbx"
File: german.lbx 2017/12/19 v3.10 biblatex localization (PK/JW/AB)
))

Package biblatex Warning: 'babel/polyglossia' detected but 'csquotes' missing.
(biblatex)                Loading 'csquotes' recommended.

\@quotelevel=\count420
\@quotereset=\count421
(Bachelorarbeit.aux (Motivation.aux) (TheoretischerHintergrund.aux)
(VerwandteArbeiten.aux) (Architekturen.aux) (Evaluation.aux) (Konklusion.aux))
\openout1 = `Bachelorarbeit.aux'.

LaTeX Font Info:    Checking defaults for OML/cmm/m/it on input line 37.
LaTeX Font Info:    ... okay on input line 37.
LaTeX Font Info:    Checking defaults for T1/cmr/m/n on input line 37.
LaTeX Font Info:    ... okay on input line 37.
LaTeX Font Info:    Checking defaults for OT1/cmr/m/n on input line 37.
LaTeX Font Info:    ... okay on input line 37.
LaTeX Font Info:    Checking defaults for OMS/cmsy/m/n on input line 37.
LaTeX Font Info:    ... okay on input line 37.
LaTeX Font Info:    Checking defaults for OMX/cmex/m/n on input line 37.
LaTeX Font Info:    ... okay on input line 37.
LaTeX Font Info:    Checking defaults for U/cmr/m/n on input line 37.
LaTeX Font Info:    ... okay on input line 37.
LaTeX Font Info:    Try loading font information for T1+ppl on input line 37.

("C:\Users\Frank\AppData\Local\Programs\MiKTeX 2.9\tex\latex\psnfss\t1ppl.fd"
File: t1ppl.fd 2001/06/04 font definitions for T1/ppl.
)
*geometry* driver: auto-detecting
*geometry* detected driver: pdftex
*geometry* verbose mode - [ preamble ] result:
* driver: pdftex
* paper: <default>
* layout: <same size as paper>
* layoutoffset:(h,v)=(0.0pt,0.0pt)
* bindingoffset: 22.76219pt
* modes: twoside 
* h-part:(L,W,R)=(68.97018pt, 402.32025pt, 103.4553pt)
* v-part:(T,H,B)=(101.40665pt, 591.53027pt, 152.11002pt)
* \paperwidth=597.50793pt
* \paperheight=845.04694pt
* \textwidth=402.32025pt
* \textheight=591.53027pt
* \oddsidemargin=19.46239pt
* \evensidemargin=31.18532pt
* \topmargin=-8.26335pt
* \headheight=17.0pt
* \headsep=20.40001pt
* \topskip=11.0pt
* \footskip=47.6pt
* \marginparwidth=59.7508pt
* \marginparsep=12.8401pt
* \columnsep=10.0pt
* \skip\footins=10.0pt plus 4.0pt minus 2.0pt
* \hoffset=0.0pt
* \voffset=0.0pt
* \mag=1000
* \@twocolumnfalse
* \@twosidetrue
* \@mparswitchtrue
* \@reversemarginfalse
* (1in=72.27pt=25.4mm, 1cm=28.453pt)

Package biblatex Info: Input encoding 'utf8' detected.
Package biblatex Info: Automatic encoding selection.
(biblatex)             Assuming data encoding 'utf8'.
\openout4 = `Bachelorarbeit.bcf'.

Package biblatex Info: Trying to load bibliographic data...
Package biblatex Info: ... file 'Bachelorarbeit.bbl' found.
(Bachelorarbeit.bbl)
Package biblatex Info: Reference section=0 on input line 37.
Package biblatex Info: Reference segment=0 on input line 37.

("C:\Users\Frank\AppData\Local\Programs\MiKTeX 2.9\tex\context\base\supp-pdf.mk
ii"
[Loading MPS to PDF converter (version 2006.09.02).]
\scratchcounter=\count422
\scratchdimen=\dimen190
\scratchbox=\box56
\nofMPsegments=\count423
\nofMParguments=\count424
\everyMPshowfont=\toks28
\MPscratchCnt=\count425
\MPscratchDim=\dimen191
\MPnumerator=\count426
\makeMPintoPDFobject=\count427
\everyMPtoPDFconversion=\toks29
)
("C:\Users\Frank\AppData\Local\Programs\MiKTeX 2.9\tex\latex\oberdiek\epstopdf-
base.sty"
Package: epstopdf-base 2016/05/15 v2.6 Base part for package epstopdf

("C:\Users\Frank\AppData\Local\Programs\MiKTeX 2.9\tex\latex\oberdiek\grfext.st
y"
Package: grfext 2016/05/16 v1.2 Manage graphics extensions (HO)

("C:\Users\Frank\AppData\Local\Programs\MiKTeX 2.9\tex\generic\oberdiek\kvdefin
ekeys.sty"
Package: kvdefinekeys 2016/05/16 v1.4 Define keys (HO)
))
Package epstopdf-base Info: Redefining graphics rule for `.eps' on input line 4
38.
Package grfext Info: Graphics extension search list:
(grfext)             [.pdf,.png,.jpg,.mps,.jpeg,.jbig2,.jb2,.PDF,.PNG,.JPG,.JPE
G,.JBIG2,.JB2,.eps]
(grfext)             \AppendGraphicsExtensions on input line 456.
)
Now handling font encoding TS1 ...
... processing UTF-8 mapping file for font encoding TS1

("C:\Users\Frank\AppData\Local\Programs\MiKTeX 2.9\tex\latex\base\ts1enc.dfu"
File: ts1enc.dfu 2017/01/28 v1.1t UTF-8 support for inputenc
   defining Unicode char U+00A2 (decimal 162)
   defining Unicode char U+00A3 (decimal 163)
   defining Unicode char U+00A4 (decimal 164)
   defining Unicode char U+00A5 (decimal 165)
   defining Unicode char U+00A6 (decimal 166)
   defining Unicode char U+00A7 (decimal 167)
   defining Unicode char U+00A8 (decimal 168)
   defining Unicode char U+00A9 (decimal 169)
   defining Unicode char U+00AA (decimal 170)
   defining Unicode char U+00AC (decimal 172)
   defining Unicode char U+00AE (decimal 174)
   defining Unicode char U+00AF (decimal 175)
   defining Unicode char U+00B0 (decimal 176)
   defining Unicode char U+00B1 (decimal 177)
   defining Unicode char U+00B2 (decimal 178)
   defining Unicode char U+00B3 (decimal 179)
   defining Unicode char U+00B4 (decimal 180)
   defining Unicode char U+00B5 (decimal 181)
   defining Unicode char U+00B6 (decimal 182)
   defining Unicode char U+00B7 (decimal 183)
   defining Unicode char U+00B9 (decimal 185)
   defining Unicode char U+00BA (decimal 186)
   defining Unicode char U+00BC (decimal 188)
   defining Unicode char U+00BD (decimal 189)
   defining Unicode char U+00BE (decimal 190)
   defining Unicode char U+00D7 (decimal 215)
   defining Unicode char U+00F7 (decimal 247)
   defining Unicode char U+0192 (decimal 402)
   defining Unicode char U+02C7 (decimal 711)
   defining Unicode char U+02D8 (decimal 728)
   defining Unicode char U+02DD (decimal 733)
   defining Unicode char U+0E3F (decimal 3647)
   defining Unicode char U+2016 (decimal 8214)
   defining Unicode char U+2020 (decimal 8224)
   defining Unicode char U+2021 (decimal 8225)
   defining Unicode char U+2022 (decimal 8226)
   defining Unicode char U+2030 (decimal 8240)
   defining Unicode char U+2031 (decimal 8241)
   defining Unicode char U+203B (decimal 8251)
   defining Unicode char U+203D (decimal 8253)
   defining Unicode char U+2044 (decimal 8260)
   defining Unicode char U+204E (decimal 8270)
   defining Unicode char U+2052 (decimal 8274)
   defining Unicode char U+20A1 (decimal 8353)
   defining Unicode char U+20A4 (decimal 8356)
   defining Unicode char U+20A6 (decimal 8358)
   defining Unicode char U+20A9 (decimal 8361)
   defining Unicode char U+20AB (decimal 8363)
   defining Unicode char U+20AC (decimal 8364)
   defining Unicode char U+20B1 (decimal 8369)
   defining Unicode char U+2103 (decimal 8451)
   defining Unicode char U+2116 (decimal 8470)
   defining Unicode char U+2117 (decimal 8471)
   defining Unicode char U+211E (decimal 8478)
   defining Unicode char U+2120 (decimal 8480)
   defining Unicode char U+2122 (decimal 8482)
   defining Unicode char U+2126 (decimal 8486)
   defining Unicode char U+2127 (decimal 8487)
   defining Unicode char U+212E (decimal 8494)
   defining Unicode char U+2190 (decimal 8592)
   defining Unicode char U+2191 (decimal 8593)
   defining Unicode char U+2192 (decimal 8594)
   defining Unicode char U+2193 (decimal 8595)
   defining Unicode char U+2329 (decimal 9001)
   defining Unicode char U+232A (decimal 9002)
   defining Unicode char U+2422 (decimal 9250)
   defining Unicode char U+25E6 (decimal 9702)
   defining Unicode char U+25EF (decimal 9711)
   defining Unicode char U+266A (decimal 9834)
)
("C:\Users\Frank\AppData\Local\Programs\MiKTeX 2.9\tex\latex\translator\transla
tor-basic-dictionary-English.dict"
Dictionary: translator-basic-dictionary, Language: English 
)
("C:\Users\Frank\AppData\Local\Programs\MiKTeX 2.9\tex\latex\siunitx\siunitx-ab
breviations.cfg"
File: siunitx-abbreviations.cfg 2017/11/26 v2.7k siunitx: Abbreviated units
)
LaTeX Font Info:    Try loading font information for U+msa on input line 37.

("C:\Users\Frank\AppData\Local\Programs\MiKTeX 2.9\tex\latex\amsfonts\umsa.fd"
File: umsa.fd 2013/01/14 v3.01 AMS symbols A
)
LaTeX Font Info:    Try loading font information for U+msb on input line 37.
("C:\Users\Frank\AppData\Local\Programs\MiKTeX 2.9\tex\latex\amsfonts\umsb.fd"
File: umsb.fd 2013/01/14 v3.01 AMS symbols B
)
<logos/uni-logo-color.pdf, id=1, 282.05376pt x 46.1725pt>
File: logos/uni-logo-color.pdf Graphic file (type pdf)
<use logos/uni-logo-color.pdf>
Package pdftex.def Info: logos/uni-logo-color.pdf  used on input line 66.
(pdftex.def)             Requested size: 156.42548pt x 25.6073pt.
<logos/institute-logo-color.pdf, id=2, 759.83875pt x 208.78pt>
File: logos/institute-logo-color.pdf Graphic file (type pdf)
<use logos/institute-logo-color.pdf>
Package pdftex.def Info: logos/institute-logo-color.pdf  used on input line 66.

(pdftex.def)             Requested size: 93.19409pt x 25.6073pt.
LaTeX Font Info:    Font shape `T1/ppl/bx/n' in size <20.74> not available
(Font)              Font shape `T1/ppl/b/n' tried instead on input line 66.
[1

{C:/Users/Frank/AppData/Local/MiKTeX/2.9/pdftex/config/pdftex.map} <./logos/uni
-logo-color.pdf> <./logos/institute-logo-color.pdf>] [2]
\c@AuthorNumber=\count428
 [3


] [4


]
LaTeX Font Info:    Try loading font information for OMS+ppl on input line 66.

("C:\Users\Frank\AppData\Local\Programs\MiKTeX 2.9\tex\latex\psnfss\omsppl.fd"
File: omsppl.fd 
)
LaTeX Font Info:    Font shape `OMS/ppl/m/n' in size <10.95> not available
(Font)              Font shape `OMS/cmsy/m/n' tried instead on input line 66.
[5] [6


]
LaTeX Font Info:    Font shape `T1/ppl/bx/n' in size <12> not available
(Font)              Font shape `T1/ppl/b/n' tried instead on input line 66.

Overfull \hbox (16.63608pt too wide) in paragraph at lines 66--66
\T1/ppl/m/n/10.95 folg-reich ge-nutzt. Vor al-lem im Be-reich der Bild-klas-si-
fi-zie-rung er-rei-chen Convolutional-
 []


Overfull \hbox (3.54712pt too wide) in paragraph at lines 66--66
[]\T1/ppl/m/n/10.95 In die-ser Ar-beit wer-den gn-gi-ge Convlutional-Neural-Ne
twork-Architekturen aus
 []

[7] [8


]
LaTeX Font Info:    Try loading font information for T1+phv on input line 69.

("C:\Users\Frank\AppData\Local\Programs\MiKTeX 2.9\tex\latex\psnfss\t1phv.fd"
File: t1phv.fd 2001/06/04 scalable font definitions for T1/phv.
)
LaTeX Font Info:    Font shape `T1/phv/bx/n' in size <10.95> not available
(Font)              Font shape `T1/phv/b/n' tried instead on input line 69.
LaTeX Font Info:    Font shape `T1/phv/bx/n' in size <14.4> not available
(Font)              Font shape `T1/phv/b/n' tried instead on input line 69.

(Bachelorarbeit.toc)
\tf@toc=\write5
\openout5 = `Bachelorarbeit.toc'.

 [9]
\openout2 = `Motivation.aux'.

 (Motivation.tex
Overfull \hbox (13.89459pt too wide) in paragraph at lines 11--12
\T1/ppl/m/n/10.95 weil sie ei-ne her-vor-ra-gen-de Um-ge-bung bie-ten um die Le
is-tungs-f-hig-keit von Machine-
 []

[10

]
LaTeX Font Info:    Font shape `T1/phv/bx/n' in size <12> not available
(Font)              Font shape `T1/phv/b/n' tried instead on input line 13.

Overfull \hbox (1.19463pt too wide) in paragraph at lines 16--17
\T1/ppl/m/n/10.95 Von an-de-ren Aspek-ten des Spiels, wie Ba-sen-bau oder Resso
urcen-Management wird
 []

[11] [12]) [13]
\openout2 = `TheoretischerHintergrund.aux'.

 (TheoretischerHintergrund.tex
<pictures/grafiken/Folie3.png, id=69, 671.50874pt x 686.565pt>
File: pictures/grafiken/Folie3.png Graphic file (type png)
<use pictures/grafiken/Folie3.png>
Package pdftex.def Info: pictures/grafiken/Folie3.png  used on input line 23.
(pdftex.def)             Requested size: 335.75356pt x 343.28166pt.
 [14


]
<pictures/grafiken/Folie4.png, id=73, 557.83406pt x 357.58594pt>
File: pictures/grafiken/Folie4.png Graphic file (type png)
<use pictures/grafiken/Folie4.png>
Package pdftex.def Info: pictures/grafiken/Folie4.png  used on input line 38.
(pdftex.def)             Requested size: 223.12967pt x 143.03183pt.
LaTeX Font Info:    Font shape `T1/ppl/bx/n' in size <10.95> not available
(Font)              Font shape `T1/ppl/b/n' tried instead on input line 45.

Overfull \hbox (22.88467pt too wide) in paragraph at lines 45--46
 \T1/phv/b/n/10.95 Fully-Connected Layer[] \T1/ppl/m/n/10.95 Je-der Layer in ei
-nem klas-si-schen ANN ist ein Fully-Connected
 []


Overfull \hbox (5.00948pt too wide) in paragraph at lines 45--46
\T1/ppl/m/n/10.95 Layer (zu Deutsch et-wa: \T1/ppl/m/it/10.95 voll-stn-dig ver
-bun-de-ne Schicht\T1/ppl/m/n/10.95 ). Neu-ro-nen in Fully-Connected
 []

[15 <./pictures/grafiken/Folie3.png>]
Overfull \hbox (7.0204pt too wide) in paragraph at lines 90--91
 \T1/phv/b/n/10.95 Nor-ma-li-za-ti-on Layer[] \T1/ppl/m/n/10.95 Der Nor-ma-li-z
a-ti-on Layer (zu Deutsch: \T1/ppl/m/it/10.95 Nor-ma-li-sie-rungs-schicht\T1/pp
l/m/n/10.95 )
 []

[16 <./pictures/grafiken/Folie4.png>] [17]
<pictures/grafiken/bht-erlk.png, id=87, 874.01532pt x 572.89032pt>
File: pictures/grafiken/bht-erlk.png Graphic file (type png)
<use pictures/grafiken/bht-erlk.png>
Package pdftex.def Info: pictures/grafiken/bht-erlk.png  used on input line 154
.
(pdftex.def)             Requested size: 349.59993pt x 229.15207pt.

Underfull \hbox (badness 1675) in paragraph at lines 156--156
[]\T1/ppl/m/n/10.95 Visualisierung ei-nes Ten-sors des 3. Ran-ges mit Zu-ord-nu
ng der
 []

[18]
<pictures/grafiken/conv-bsp.png, id=93, 958.3303pt x 666.99188pt>
File: pictures/grafiken/conv-bsp.png Graphic file (type png)
<use pictures/grafiken/conv-bsp.png>
Package pdftex.def Info: pictures/grafiken/conv-bsp.png  used on input line 165
.
(pdftex.def)             Requested size: 383.32533pt x 266.79202pt.
 [19 <./pictures/grafiken/bht-erlk.png>] [20 <./pictures/grafiken/conv-bsp.png>
]
<pictures/grafiken/grafikenmax.png, id=101, 526.96875pt x 264.23718pt>
File: pictures/grafiken/grafikenmax.png Graphic file (type png)
<use pictures/grafiken/grafikenmax.png>
Package pdftex.def Info: pictures/grafiken/grafikenmax.png  used on input line 
200.
(pdftex.def)             Requested size: 237.13374pt x 118.90562pt.
 [21 <./pictures/grafiken/grafikenmax.png>]) [22]
\openout2 = `VerwandteArbeiten.aux'.

 (VerwandteArbeiten.tex
Overfull \hbox (9.33543pt too wide) in paragraph at lines 17--18
[]\T1/ppl/m/n/10.95 Stanescu et al. Sta-nes-cu, Bar-ri-ga und Bu-ro [15] bau-en
 ih-ren Vorhersage-Algorithmus
 []

[23


]
Overfull \hbox (0.88611pt too wide) in paragraph at lines 23--24
[]\T1/ppl/m/n/10.95 Der Al-go-rith-mus er-setzt un-ter Tur-nier-be-din-gun-gen 
den si-mu-la-ti-ons-ba-sier-ten Ent-
 []


Overfull \hbox (0.37648pt too wide) in paragraph at lines 25--26
\T1/ppl/m/n/10.95 Deutsch et-wa: \T1/ppl/m/it/10.95 Sttz-vek-tor-ma-schi-ne\T1
/ppl/m/n/10.95 ), k-Nearest Neigh-bour (kNN, zu Deutsch: \T1/ppl/m/it/10.95 k n
chs-
 []

[24]) [25]
\openout2 = `Architekturen.aux'.

 (Architekturen.tex [26


] [27] [28] [29] [30]
Underfull \hbox (badness 10000) in paragraph at lines 165--166
[] \T1/ppl/b/n/10.95 if $\OML/cmm/m/it/10.95 teamA:powerGround \OMS/cmsy/m/n/10
.95  \OML/cmm/m/it/10.95 K \OMS/cmsy/m/n/10.95  \OML/cmm/m/it/10.95 teamB:def
enseGround \OMS/cmsy/m/n/10.95 ^
 []


Underfull \hbox (badness 10000) in paragraph at lines 173--174
[] \T1/ppl/b/n/10.95 if $\OML/cmm/m/it/10.95 teamB:powerGround \OMS/cmsy/m/n/10
.95  \OML/cmm/m/it/10.95 K \OMS/cmsy/m/n/10.95  \OML/cmm/m/it/10.95 teamA:def
enseGround \OMS/cmsy/m/n/10.95 ^
 []


Underfull \hbox (badness 5274) in paragraph at lines 180--181
[] $\OML/cmm/m/it/10.95 teamAPower \OMS/cmsy/m/n/10.95   \OML/cmm/m/it/10.95 te
amA:weightedPower \OT1/cmr/m/n/10.95 + \OML/cmm/m/it/10.95 teamA:defenseGround 
\OT1/cmr/m/n/10.95 +
 []


Underfull \hbox (badness 4479) in paragraph at lines 181--182
[] $\OML/cmm/m/it/10.95 teamBPower \OMS/cmsy/m/n/10.95   \OML/cmm/m/it/10.95 te
amB:weightedPower \OT1/cmr/m/n/10.95 + \OML/cmm/m/it/10.95 teamB:defenseGround 
\OT1/cmr/m/n/10.95 +
 []

<pictures/konstantenVollesModell.png, id=136, 615.29875pt x 459.7175pt>
File: pictures/konstantenVollesModell.png Graphic file (type png)
<use pictures/konstantenVollesModell.png>
Package pdftex.def Info: pictures/konstantenVollesModell.png  used on input lin
e 196.
(pdftex.def)             Requested size: 492.23967pt x 367.77449pt.

Overfull \hbox (89.91942pt too wide) in paragraph at lines 196--198
 [][] 
 []

[31] [32] [33 <./pictures/konstantenVollesModell.png>] [34]
<pictures/inception/AllConvCNN.png, id=151, 1096.84781pt x 748.29562pt>
File: pictures/inception/AllConvCNN.png Graphic file (type png)
<use pictures/inception/AllConvCNN.png>
Package pdftex.def Info: pictures/inception/AllConvCNN.png  used on input line 
233.
(pdftex.def)             Requested size: 1096.84514pt x 748.2938pt.

Overfull \hbox (3.29369pt too wide) in paragraph at lines 240--241
\T1/ppl/m/n/10.95 ResNet ist ei-ne von He u.a. [4] vor-ge-stell-te Ar-chi-tek-t
ur, wel-che sich Short-cut Connec-
 []

[35 <./pictures/inception/AllConvCNN.png>] [36]
<pictures/Inception/ResNet.png, id=158, 1090.0725pt x 656.4525pt>
File: pictures/Inception/ResNet.png Graphic file (type png)
<use pictures/Inception/ResNet.png>
Package pdftex.def Info: pictures/Inception/ResNet.png  used on input line 247.

(pdftex.def)             Requested size: 1090.06984pt x 656.4509pt.

Overfull \vbox (90.19832pt too high) has occurred while \output is active []


[37 <./pictures/Inception/ResNet.png>] [38]
<pictures/inception/InceptionV4.png, id=166, 892.08281pt x 495.35063pt>
File: pictures/inception/InceptionV4.png Graphic file (type png)
<use pictures/inception/InceptionV4.png>
Package pdftex.def Info: pictures/inception/InceptionV4.png  used on input line
 289.
(pdftex.def)             Requested size: 892.08063pt x 495.34943pt.

Overfull \vbox (105.21024pt too high) has occurred while \output is active []


[39 <./pictures/inception/InceptionV4.png>]
Overfull \hbox (11.95056pt too wide) in paragraph at lines 295--296
\T1/ppl/m/n/10.95 du-ziert wh-rend sich die An-zahl der Kan-le von 96 auf 288
 er-hht. Er fol-gen Inception-
 []

[40]
<pictures/Inception/STEM.png, id=173, 1066.7353pt x 298.86656pt>
File: pictures/Inception/STEM.png Graphic file (type png)
<use pictures/Inception/STEM.png>
Package pdftex.def Info: pictures/Inception/STEM.png  used on input line 300.
(pdftex.def)             Requested size: 1066.7327pt x 298.86581pt.

Overfull \vbox (129.5195pt too high) has occurred while \output is active []


[41 <./pictures/Inception/STEM.png>]
<pictures/Inception/InceptionABC.png, id=177, 1122.44344pt x 597.73312pt>
File: pictures/Inception/InceptionABC.png Graphic file (type png)
<use pictures/Inception/InceptionABC.png>
Package pdftex.def Info: pictures/Inception/InceptionABC.png  used on input lin
e 309.
(pdftex.def)             Requested size: 448.96942pt x 239.089pt.

Overfull \hbox (46.64917pt too wide) in paragraph at lines 309--310
 [][] 
 []

[42 <./pictures/Inception/InceptionABC.png>]
<pictures/Inception/Reduction.png, id=181, 1003.49907pt x 641.39626pt>
File: pictures/Inception/Reduction.png Graphic file (type png)
<use pictures/Inception/Reduction.png>
Package pdftex.def Info: pictures/Inception/Reduction.png  used on input line 3
18.
(pdftex.def)             Requested size: 451.5704pt x 288.62564pt.

Overfull \hbox (49.25015pt too wide) in paragraph at lines 318--319
 [][] 
 []


Overfull \hbox (6.97467pt too wide) in paragraph at lines 322--323
[]\T1/ppl/m/n/10.95 Zur Re-du-zie-rung der Bild-di-men-sio-nen H-he und Brei-t
e nutzt In-cep-ti-on Reduction-
 []

[43 <./pictures/Inception/Reduction.png>]
Overfull \hbox (9.02309pt too wide) in paragraph at lines 350--351
\T1/ppl/m/n/10.95 den kn-nen, wel-che es dem Netz-werk er-mg-li-chen Fea-ture
 Re-ca-li-bra-ti-on (zu Deutsch:
 []


Overfull \hbox (13.53746pt too wide) in paragraph at lines 350--351
\T1/ppl/m/n/10.95 in In-cep-ti-on ein-ge-fhrt wer-den kann. In der ak-tu-el-le
n Ar-chi-tek-tur wer-den die Squeeze-
 []


Overfull \hbox (17.1794pt too wide) in paragraph at lines 352--353
\T1/ppl/m/n/10.95 wo-bei AD fr Aus-ga-be-di-men-si-on steht und gleich der An-
zahl der Kan-le der Inception-
 []

[44] [45]
<pictures/Inception/SqueezeAndExcitation.png, id=192, 478.78876pt x 755.07094pt
>
File: pictures/Inception/SqueezeAndExcitation.png Graphic file (type png)
<use pictures/Inception/SqueezeAndExcitation.png>
Package pdftex.def Info: pictures/Inception/SqueezeAndExcitation.png  used on i
nput line 358.
(pdftex.def)             Requested size: 359.09068pt x 566.30182pt.
)
Overfull \vbox (2.45158pt too high) has occurred while \output is active []


[46 <./pictures/Inception/SqueezeAndExcitation.png>]
\openout2 = `Evaluation.aux'.

 (Evaluation.tex [47


]
[48]
<pictures/grafiken/Folie1.png, id=202, 1112.65688pt x 703.12688pt>
File: pictures/grafiken/Folie1.png Graphic file (type png)
<use pictures/grafiken/Folie1.png>
Package pdftex.def Info: pictures/grafiken/Folie1.png  used on input line 21.
(pdftex.def)             Requested size: 1112.65417pt x 703.12515pt.

Overfull \hbox (19.55913pt too wide) in paragraph at lines 21--22
 [][] 
 []


Overfull \vbox (103.74905pt too high) has occurred while \output is active []


[49 <./pictures/grafiken/Folie1.png>]
<pictures/grafiken/Folie2.png, id=207, 1081.03876pt x 358.33875pt>
File: pictures/grafiken/Folie2.png Graphic file (type png)
<use pictures/grafiken/Folie2.png>
Package pdftex.def Info: pictures/grafiken/Folie2.png  used on input line 29.
(pdftex.def)             Requested size: 1081.03612pt x 358.33788pt.

Overfull \vbox (84.77803pt too high) has occurred while \output is active []


[50 <./pictures/grafiken/Folie2.png>]
<pictures/Match_verteilung.png, id=211, 1156.32pt x 771.1209pt>
File: pictures/Match_verteilung.png Graphic file (type png)
<use pictures/Match_verteilung.png>
Package pdftex.def Info: pictures/Match_verteilung.png  used on input line 38.
(pdftex.def)             Requested size: 346.89868pt x 231.33806pt.
<pictures/Graph_Matches_2.png, id=212, 1156.32pt x 771.1209pt>
File: pictures/Graph_Matches_2.png Graphic file (type png)
<use pictures/Graph_Matches_2.png>
Package pdftex.def Info: pictures/Graph_Matches_2.png  used on input line 47.
(pdftex.def)             Requested size: 346.89868pt x 231.33806pt.
 [51]
<pictures/Graph_Supp_Wins.png, id=216, 1156.32pt x 771.1209pt>
File: pictures/Graph_Supp_Wins.png Graphic file (type png)
<use pictures/Graph_Supp_Wins.png>
Package pdftex.def Info: pictures/Graph_Supp_Wins.png  used on input line 57.
(pdftex.def)             Requested size: 346.89868pt x 231.33806pt.

Overfull \hbox (2.11281pt too wide) in paragraph at lines 64--65
\T1/ppl/m/n/10.95 Die Leis-tungs-f-hig-keit der ein-zel-nen Ar-chi-tek-tu-ren 
wird An-hand ver-schie-de-ner Me-
 []

[52 <./pictures/Match_verteilung.png>] [53 <./pictures/Graph_Matches_2.png>]
<pictures/grafiken/PrecisionRecall.png, id=225, 751.30687pt x 734.745pt>
File: pictures/grafiken/PrecisionRecall.png Graphic file (type png)
<use pictures/grafiken/PrecisionRecall.png>
Package pdftex.def Info: pictures/grafiken/PrecisionRecall.png  used on input l
ine 87.
(pdftex.def)             Requested size: 187.82625pt x 183.68579pt.
<pictures/grafiken/prerecacc.png, id=226, 936.49875pt x 691.83469pt>
File: pictures/grafiken/prerecacc.png Graphic file (type png)
<use pictures/grafiken/prerecacc.png>
Package pdftex.def Info: pictures/grafiken/prerecacc.png  used on input line 93
.
(pdftex.def)             Requested size: 234.12411pt x 172.95824pt.

[54 <./pictures/Graph_Supp_Wins.png>] [55 <./pictures/grafiken/PrecisionRecall.
png> <./pictures/grafiken/prerecacc.png>]
Overfull \hbox (10.03188pt too wide) in paragraph at lines 103--104
\T1/ppl/m/n/10.95 weils 90 Grad ro-tiert in den Da-ten-satz ein-ge-speist wur-d
en (fol-gend: Rotated-Variante).
 []

[56]
<pictures/Auswertung/all_conv_loss.png, id=238, 718.93594pt x 398.99063pt>
File: pictures/Auswertung/all_conv_loss.png Graphic file (type png)
<use pictures/Auswertung/all_conv_loss.png>
Package pdftex.def Info: pictures/Auswertung/all_conv_loss.png  used on input l
ine 112.
(pdftex.def)             Requested size: 359.46709pt x 199.49483pt.
<pictures/Auswertung/all_conv_acc_.png, id=239, 712.16063pt x 396.7322pt>
File: pictures/Auswertung/all_conv_acc_.png Graphic file (type png)
<use pictures/Auswertung/all_conv_acc_.png>
Package pdftex.def Info: pictures/Auswertung/all_conv_acc_.png  used on input l
ine 118.
(pdftex.def)             Requested size: 356.07944pt x 198.3656pt.
 [57 <./pictures/Auswertung/all_conv_loss.png> <./pictures/Auswertung/all_conv_
acc_.png>]
<pictures/Auswertung/resnet_loss.png, id=243, 722.7pt x 383.18156pt>
File: pictures/Auswertung/resnet_loss.png Graphic file (type png)
<use pictures/Auswertung/resnet_loss.png>
Package pdftex.def Info: pictures/Auswertung/resnet_loss.png  used on input lin
e 127.
(pdftex.def)             Requested size: 361.3491pt x 191.5903pt.
<pictures/Auswertung/incv4_loss.png, id=244, 720.44156pt x 395.22656pt>
File: pictures/Auswertung/incv4_loss.png Graphic file (type png)
<use pictures/Auswertung/incv4_loss.png>
Package pdftex.def Info: pictures/Auswertung/incv4_loss.png  used on input line
 137.
(pdftex.def)             Requested size: 360.2199pt x 197.6128pt.
 [58 <./pictures/Auswertung/resnet_loss.png>]
<pictures/Auswertung/incv4se_loss.png, id=248, 721.19438pt x 396.7322pt>
File: pictures/Auswertung/incv4se_loss.png Graphic file (type png)
<use pictures/Auswertung/incv4se_loss.png>
Package pdftex.def Info: pictures/Auswertung/incv4se_loss.png  used on input li
ne 146.
(pdftex.def)             Requested size: 360.59631pt x 198.3656pt.

Overfull \hbox (0.8579pt too wide) in paragraph at lines 155--156
\T1/ppl/m/n/10.95 ten mit der Ziel-set-zung die ge-win-nen-de Sei-te vor-her-zu
-sa-gen. Das ge-win-nen-de Team
 []

[59 <./pictures/Auswertung/incv4_loss.png> <./pictures/Auswertung/incv4se_loss.
png>] [60] [61]
<pictures/Auswertung/acc_by_supp.png, id=259, 982.42032pt x 397.485pt>
File: pictures/Auswertung/acc_by_supp.png Graphic file (type png)
<use pictures/Auswertung/acc_by_supp.png>
Package pdftex.def Info: pictures/Auswertung/acc_by_supp.png  used on input lin
e 216.
(pdftex.def)             Requested size: 442.08507pt x 178.8666pt.

Overfull \hbox (39.76482pt too wide) in paragraph at lines 216--217
 [][] 
 []

[62 <./pictures/Auswertung/acc_by_supp.png>]) [63]
\openout2 = `Konklusion.aux'.

 (Konklusion.tex [64


])
[65]
LaTeX Font Info:    Try loading font information for T1+pcr on input line 79.

("C:\Users\Frank\AppData\Local\Programs\MiKTeX 2.9\tex\latex\psnfss\t1pcr.fd"
File: t1pcr.fd 2001/06/04 font definitions for T1/pcr.
)
[66

]
Overfull \hbox (17.16655pt too wide) in paragraph at lines 80--80
[]\T1/ppl/m/n/10.95 Christian Sze-ge-dy, Ser-gey Iof-fe und Vin-cent Van-hou-ck
e. ``Inception-v4, Inception-
 []


Overfull \hbox (43.47913pt too wide) in paragraph at lines 80--80
\T1/ppl/m/n/10.95 ResNet and the Im-pact of Re-si-du-al Connec-ti-ons on Lear-n
ing''. In: \T1/ppl/m/it/10.95 CoRR \T1/ppl/m/n/10.95 abs/1602.07261
 []


Overfull \hbox (26.24443pt too wide) in paragraph at lines 80--80
[]\T1/ppl/m/n/10.95 Christian Sze-ge-dy u.a. ``Going De-e-per with Con-vo-lu-ti
-ons''. In: \T1/ppl/m/it/10.95 CoRR \T1/ppl/m/n/10.95 abs/1409.4842
 []

[67] (Bachelorarbeit.aux (Motivation.aux) (TheoretischerHintergrund.aux)
(VerwandteArbeiten.aux) (Architekturen.aux) (Evaluation.aux) (Konklusion.aux))
Package logreq Info: Writing requests to 'Bachelorarbeit.run.xml'.
\openout1 = `Bachelorarbeit.run.xml'.

 ) 
Here is how much of TeX's memory you used:
 25192 strings out of 493313
 492423 string characters out of 3130168
 986240 words of memory out of 3000000
 28346 multiletter control sequences out of 15000+200000
 579086 words of font info for 104 fonts, out of 3000000 for 9000
 1145 hyphenation exceptions out of 8191
 48i,10n,53p,10367b,1859s stack positions out of 5000i,500n,10000p,200000b,50000s
{C:/Users/Frank/AppData/Local/Programs/MiKTeX 2.9/fonts/enc/dvips/base/8r.enc
}<C:/Users/Frank/AppData/Local/Programs/MiKTeX 2.9/fonts/type1/public/amsfonts/
cm/cmbx10.pfb><C:/Users/Frank/AppData/Local/Programs/MiKTeX 2.9/fonts/type1/pub
lic/amsfonts/cm/cmbx8.pfb><C:/Users/Frank/AppData/Local/Programs/MiKTeX 2.9/fon
ts/type1/public/amsfonts/cm/cmex10.pfb><C:/Users/Frank/AppData/Local/Programs/M
iKTeX 2.9/fonts/type1/public/amsfonts/cm/cmmi10.pfb><C:/Users/Frank/AppData/Loc
al/Programs/MiKTeX 2.9/fonts/type1/public/amsfonts/cm/cmmi6.pfb><C:/Users/Frank
/AppData/Local/Programs/MiKTeX 2.9/fonts/type1/public/amsfonts/cm/cmmi8.pfb><C:
/Users/Frank/AppData/Local/Programs/MiKTeX 2.9/fonts/type1/public/amsfonts/cm/c
mr10.pfb><C:/Users/Frank/AppData/Local/Programs/MiKTeX 2.9/fonts/type1/public/a
msfonts/cm/cmr6.pfb><C:/Users/Frank/AppData/Local/Programs/MiKTeX 2.9/fonts/typ
e1/public/amsfonts/cm/cmr8.pfb><C:/Users/Frank/AppData/Local/Programs/MiKTeX 2.
9/fonts/type1/public/amsfonts/cm/cmsy10.pfb><C:/Users/Frank/AppData/Local/Progr
ams/MiKTeX 2.9/fonts/type1/public/amsfonts/cm/cmsy6.pfb><C:/Users/Frank/AppData
/Local/Programs/MiKTeX 2.9/fonts/type1/public/amsfonts/cm/cmsy8.pfb><C:/Users/F
rank/AppData/Local/Programs/MiKTeX 2.9/fonts/type1/public/amsfonts/symbols/msam
10.pfb><C:/Users/Frank/AppData/Local/Programs/MiKTeX 2.9/fonts/type1/public/ams
fonts/symbols/msbm10.pfb><C:/Users/Frank/AppData/Local/Programs/MiKTeX 2.9/font
s/type1/urw/courier/ucrr8a.pfb><C:/Users/Frank/AppData/Local/Programs/MiKTeX 2.
9/fonts/type1/urw/helvetic/uhvb8a.pfb><C:/Users/Frank/AppData/Local/Programs/Mi
KTeX 2.9/fonts/type1/urw/palatino/uplb8a.pfb><C:/Users/Frank/AppData/Local/Prog
rams/MiKTeX 2.9/fonts/type1/urw/palatino/uplr8a.pfb><C:/Users/Frank/AppData/Loc
al/Programs/MiKTeX 2.9/fonts/type1/urw/palatino/uplri8a.pfb>
Output written on Bachelorarbeit.pdf (67 pages, 1941815 bytes).
PDF statistics:
 342 PDF objects out of 1000 (max. 8388607)
 0 named destinations out of 1000 (max. 500000)
 141 words of extra memory for PDF output out of 10000 (max. 10000000)

